2022-05-10 16:22:42,204 Namespace(cfg='/workspace/nas-data/deep-hand-pose-net/experiments/hand_coco/debug.yaml', opts=[])
2022-05-10 16:22:42,205 AUTO_RESUME: True
CUDNN:
  BENCHMARK: True
  DETERMINISTIC: False
  ENABLED: True
DATASET:
  BLUR: True
  COLOR: True
  COLOR_RGB: True
  DATASET: hand_coco
  DATA_FORMAT: jpg
  FLIP: True
  GRAY: True
  HYBRID_JOINTS_TYPE: 
  NUM_JOINTS_HALF_BODY: 8
  PROB_HALF_BODY: 0.0
  ROOT: /workspace/cpfs-data/Data/debug
  ROT_FACTOR: 20
  SCALE_FACTOR: 0.1
  SELECT_DATA: False
  SHIFT: True
  SHIFT_FACTOR: 0.05
  TEST_SET: test2017
  TRAIN_SET: train2017
  VAL_SET: val2017
DATA_DIR: 
DEBUG:
  DEBUG: False
  SAVE_BATCH_IMAGES_GT: True
  SAVE_BATCH_IMAGES_PRED: True
  SAVE_HEATMAPS_GT: True
  SAVE_HEATMAPS_PRED: True
GPUS: (0,)
LOG_DIR: log
LOSS:
  TOPK: 8
  TYPE: heatmap
  USE_DIFFERENT_JOINTS_WEIGHT: True
  USE_OHKM: False
  USE_TARGET_WEIGHT: True
MODEL:
  ALIGNMENT: False
  EXTRA:
    DECODER: CoarseRefineDecoder
    NET_TYPE: v4
    NUM_DECONV_FILTERS: 32
  HEATMAP_SIZE: [40, 40]
  IMAGE_SIZE: [160, 160]
  INIT_WEIGHTS: True
  MULTI_SUPERVISION: False
  NAME: mobilenetv2
  NUM_JOINTS: 21
  PRETRAINED: 
  REG_BRANCH: False
  SIGMA: 1
  TAG_PER_JOINT: True
  TARGET_TYPE: gaussian
OUTPUT_DIR: output
PIN_MEMORY: True
PRINT_FREQ: 100
RANK: 0
TEST:
  BATCH_SIZE_PER_GPU: 512
  BBOX_THRE: 1.0
  COCO_BBOX_FILE: 
  FLIP_TEST: False
  IMAGE_THRE: 0.0
  IN_VIS_THRE: 0.2
  MODEL_FILE: mobilenetv2_160x160_alpha_140_coarserefine_data_v2_4
  NMS_THRE: 1.0
  OKS_THRE: 0.9
  POST_PROCESS: True
  SHIFT_HEATMAP: True
  SOFT_NMS: False
  USE_GT_BBOX: True
TRAIN:
  BATCH_SIZE_PER_GPU: 50
  BEGIN_EPOCH: 0
  CHECKPOINT: 
  END_EPOCH: 400
  GAMMA1: 0.99
  GAMMA2: 0.0
  LR: 0.001
  LR_FACTOR: 0.1
  LR_STEP: [360, 380, 400]
  MOMENTUM: 0.9
  NESTEROV: False
  OPTIMIZER: adam
  RESUME: False
  SHUFFLE: True
  WD: 0.0001
WORKERS: 1
2022-05-10 16:22:42,312 => init weights from normal distribution
2022-05-10 16:22:42,404 => model init!
